<?xml version="1.0" encoding="UTF-8"?>
<!-- Generated by org.testng.reporters.JUnitXMLReporter -->
<testsuite hostname="eTouch-2.local" name="Chrome Test" tests="2" failures="2" timestamp="9 Oct 2014 17:48:27 GMT" time="0.67" errors="0">
  <testcase name="testPreSignIn" time="0.0" classname="com.etouch.amazon.pages.test.TestAmazonMainPage">
    <failure type="java.lang.NullPointerException">
      <![CDATA[java.lang.NullPointerException
	at com.etouch.amazon.pages.test.TestAmazonMainPage.testPreSignIn(TestAmazonMainPage.java:64)
	at com.etouch.taf.core.TestBedManager.executeTestNG(TestBedManager.java:111)
	at com.etocuh.amazon.common.TestAmazonUnit.initialize(TestAmazonUnit.java:51)
	at com.etocuh.amazon.common.TestAmazonUnit.test(TestAmazonUnit.java:25)
	at junit.framework.TestCase.runTest(TestCase.java:176)
	at junit.framework.TestCase.runBare(TestCase.java:141)
	at junit.framework.TestResult$1.protect(TestResult.java:122)
	at junit.framework.TestResult.runProtected(TestResult.java:142)
	at junit.framework.TestResult.run(TestResult.java:125)
	at junit.framework.TestCase.run(TestCase.java:129)
	at junit.framework.TestSuite.runTest(TestSuite.java:255)
	at junit.framework.TestSuite.run(TestSuite.java:250)
	at org.junit.internal.runners.JUnit38ClassRunner.run(JUnit38ClassRunner.java:84)
	at org.junit.runners.Suite.runChild(Suite.java:127)
	at org.junit.runners.Suite.runChild(Suite.java:26)
	at org.junit.runners.ParentRunner$3.run(ParentRunner.java:238)
	at org.junit.runners.ParentRunner$1.schedule(ParentRunner.java:63)
	at org.junit.runners.ParentRunner.runChildren(ParentRunner.java:236)
	at org.junit.runners.ParentRunner.access$000(ParentRunner.java:53)
	at org.junit.runners.ParentRunner$2.evaluate(ParentRunner.java:229)
	at org.junit.runners.ParentRunner.run(ParentRunner.java:309)
	at org.junit.runner.JUnitCore.run(JUnitCore.java:160)
	at org.junit.runner.JUnitCore.run(JUnitCore.java:138)
... Removed 32 stack frames]]>
    </failure>
  </testcase> <!-- testPreSignIn -->
  <testcase name="testSignIn" time="0.0" classname="com.etouch.amazon.pages.test.TestAmazonMainPage">
    <failure type="java.lang.NullPointerException">
      <![CDATA[java.lang.NullPointerException
	at com.etouch.amazon.pages.test.TestAmazonMainPage.testSignIn(TestAmazonMainPage.java:91)
	at com.etouch.taf.core.TestBedManager.executeTestNG(TestBedManager.java:111)
	at com.etocuh.amazon.common.TestAmazonUnit.initialize(TestAmazonUnit.java:51)
	at com.etocuh.amazon.common.TestAmazonUnit.test(TestAmazonUnit.java:25)
	at junit.framework.TestCase.runTest(TestCase.java:176)
	at junit.framework.TestCase.runBare(TestCase.java:141)
	at junit.framework.TestResult$1.protect(TestResult.java:122)
	at junit.framework.TestResult.runProtected(TestResult.java:142)
	at junit.framework.TestResult.run(TestResult.java:125)
	at junit.framework.TestCase.run(TestCase.java:129)
	at junit.framework.TestSuite.runTest(TestSuite.java:255)
	at junit.framework.TestSuite.run(TestSuite.java:250)
	at org.junit.internal.runners.JUnit38ClassRunner.run(JUnit38ClassRunner.java:84)
	at org.junit.runners.Suite.runChild(Suite.java:127)
	at org.junit.runners.Suite.runChild(Suite.java:26)
	at org.junit.runners.ParentRunner$3.run(ParentRunner.java:238)
	at org.junit.runners.ParentRunner$1.schedule(ParentRunner.java:63)
	at org.junit.runners.ParentRunner.runChildren(ParentRunner.java:236)
	at org.junit.runners.ParentRunner.access$000(ParentRunner.java:53)
	at org.junit.runners.ParentRunner$2.evaluate(ParentRunner.java:229)
	at org.junit.runners.ParentRunner.run(ParentRunner.java:309)
	at org.junit.runner.JUnitCore.run(JUnitCore.java:160)
	at org.junit.runner.JUnitCore.run(JUnitCore.java:138)
... Removed 32 stack frames]]>
    </failure>
  </testcase> <!-- testSignIn -->
</testsuite> <!-- Chrome Test -->
