<?xml version="1.0" encoding="UTF-8"?>
<!-- Generated by org.testng.reporters.JUnitXMLReporter -->
<testsuite hostname="etouch.attlocal.net" name="iPhoneNative Test" tests="1" failures="1" timestamp="25 Sep 2014 06:52:33 GMT" time="36.711" errors="0">
  <testcase name="@AfterClass tearDown" time="0.0" classname="com.etouch.amazon.common.iOSDeviceTest">
    <failure type="org.openqa.selenium.WebDriverException" message="Not implemented in this context, try switching into or out of a web view (WARNING: The server did not provide any stacktrace information)
Command duration or timeout: 5 milliseconds
Build info: version: &amp;apos;2.35.0&amp;apos;, revision: &amp;apos;8df0c6bedf70ff9f22c647788f9fe9c8d22210e2&amp;apos;, time: &amp;apos;2013-08-17 12:46:41&amp;apos;
System info: os.name: &amp;apos;Mac OS X&amp;apos;, os.arch: &amp;apos;x86_64&amp;apos;, os.version: &amp;apos;10.8.5&amp;apos;, java.version: &amp;apos;1.6.0_65&amp;apos;
Session ID: 1b138c92-1dd6-4b5d-accf-1c7f92ac48fe
Driver info: org.openqa.selenium.remote.RemoteWebDriver
Capabilities [{platform=MAC, app=com.apple.samplecode.MapSearch, javascriptEnabled=true, browserName=iPhone, desired={app=com.apple.samplecode.MapSearch, deviceName=iPhone, platformName=iOS, browserName=iPhone, udid=b260151b7058491bd4dcd99396da691f045c1bbc, version=7.1}, udid=b260151b7058491bd4dcd99396da691f045c1bbc, locationContextEnabled=false, version=7.1, databaseEnabled=false, deviceName=iPhone, platformName=iOS, webStorageEnabled=false, warnings={}, takesScreenshot=true}]">
      <![CDATA[org.openqa.selenium.WebDriverException: Not implemented in this context, try switching into or out of a web view (WARNING: The server did not provide any stacktrace information)
Command duration or timeout: 5 milliseconds
Build info: version: '2.35.0', revision: '8df0c6bedf70ff9f22c647788f9fe9c8d22210e2', time: '2013-08-17 12:46:41'
System info: os.name: 'Mac OS X', os.arch: 'x86_64', os.version: '10.8.5', java.version: '1.6.0_65'
Session ID: 1b138c92-1dd6-4b5d-accf-1c7f92ac48fe
Driver info: org.openqa.selenium.remote.RemoteWebDriver
Capabilities [{platform=MAC, app=com.apple.samplecode.MapSearch, javascriptEnabled=true, browserName=iPhone, desired={app=com.apple.samplecode.MapSearch, deviceName=iPhone, platformName=iOS, browserName=iPhone, udid=b260151b7058491bd4dcd99396da691f045c1bbc, version=7.1}, udid=b260151b7058491bd4dcd99396da691f045c1bbc, locationContextEnabled=false, version=7.1, databaseEnabled=false, deviceName=iPhone, platformName=iOS, webStorageEnabled=false, warnings={}, takesScreenshot=true}]
	at org.openqa.selenium.remote.ErrorHandler.createThrowable(ErrorHandler.java:191)
	at org.openqa.selenium.remote.ErrorHandler.throwIfResponseFailed(ErrorHandler.java:145)
	at org.openqa.selenium.remote.RemoteWebDriver.execute(RemoteWebDriver.java:554)
	at org.openqa.selenium.remote.RemoteWebDriver.execute(RemoteWebDriver.java:569)
	at org.openqa.selenium.remote.RemoteWebDriver.close(RemoteWebDriver.java:418)
	at com.etouch.amazon.common.BaseTest.tearDown(BaseTest.java:185)
	at com.etouch.taf.core.TestBedManager.executeTestNG(TestBedManager.java:112)
	at com.etouch.amazon.common.BaseTest.exceuteTestNGFile(BaseTest.java:137)
	at com.etouch.amazon.common.BaseTest.main(BaseTest.java:100)
... Removed 25 stack frames]]>
    </failure>
  </testcase> <!-- @AfterClass tearDown -->
  <testcase name="testGoogle" time="36.69" classname="com.etouch.amazon.common.iOSDeviceTest">
    <failure type="com.etouch.taf.core.exception.PageException" message="Failed to find object using given XPATH, message : com.etouch.taf.core.exception.PageException: Failed to find object, message : org.openqa.selenium.TimeoutException: Timed out after 20 seconds waiting for element to be clickable: By.xpath: //UIApplication[1]/UIAWindow[2]/UIAKeyboard[1]/UIAButton[4]
Build info: version: &amp;apos;2.35.0&amp;apos;, revision: &amp;apos;8df0c6bedf70ff9f22c647788f9fe9c8d22210e2&amp;apos;, time: &amp;apos;2013-08-17 12:46:41&amp;apos;
System info: os.name: &amp;apos;Mac OS X&amp;apos;, os.arch: &amp;apos;x86_64&amp;apos;, os.version: &amp;apos;10.8.5&amp;apos;, java.version: &amp;apos;1.6.0_65&amp;apos;
Driver info: driver.version: unknown">
      <![CDATA[com.etouch.taf.core.exception.PageException: Failed to find object using given XPATH, message : com.etouch.taf.core.exception.PageException: Failed to find object, message : org.openqa.selenium.TimeoutException: Timed out after 20 seconds waiting for element to be clickable: By.xpath: //UIApplication[1]/UIAWindow[2]/UIAKeyboard[1]/UIAButton[4]
Build info: version: '2.35.0', revision: '8df0c6bedf70ff9f22c647788f9fe9c8d22210e2', time: '2013-08-17 12:46:41'
System info: os.name: 'Mac OS X', os.arch: 'x86_64', os.version: '10.8.5', java.version: '1.6.0_65'
Driver info: driver.version: unknown
	at com.etouch.taf.webui.selenium.WebPage.findObject(WebPage.java:450)
	at com.etouch.amazon.common.iOSDeviceTest.testGoogle(iOSDeviceTest.java:50)
	at com.etouch.taf.core.TestBedManager.executeTestNG(TestBedManager.java:112)
	at com.etouch.amazon.common.BaseTest.exceuteTestNGFile(BaseTest.java:137)
	at com.etouch.amazon.common.BaseTest.main(BaseTest.java:100)
... Removed 21 stack frames]]>
    </failure>
  </testcase> <!-- testGoogle -->
</testsuite> <!-- iPhoneNative Test -->
