<?xml version="1.0" encoding="UTF-8"?>
<!-- Generated by org.testng.reporters.JUnitXMLReporter -->
<testsuite hostname="eTouch-2.local" name="Default test" tests="3" failures="0" timestamp="7 Oct 2014 19:59:40 GMT" time="0.055" errors="0">
  <testcase name="@BeforeSuite setupConfig" time="0.0" classname="com.etouch.amazon.common.BaseTest">
    <failure type="org.testng.TestNGException" message="
Method setupConfig requires 2 parameters but 0 were supplied in the @Configuration annotation.">
      <![CDATA[org.testng.TestNGException: 
Method setupConfig requires 2 parameters but 0 were supplied in the @Configuration annotation.
	at org.testng.internal.Parameters.checkParameterTypes(Parameters.java:198)
	at org.testng.internal.Parameters.createParameters(Parameters.java:134)
	at org.testng.internal.Parameters.createParameters(Parameters.java:373)
	at org.testng.internal.Parameters.createConfigurationParameters(Parameters.java:86)
	at org.testng.internal.Invoker.invokeConfigurations(Invoker.java:199)
	at org.testng.internal.Invoker.invokeConfigurations(Invoker.java:138)
	at org.testng.SuiteRunner.privateRun(SuiteRunner.java:277)
	at org.testng.SuiteRunner.run(SuiteRunner.java:240)
	at org.testng.SuiteRunnerWorker.runSuite(SuiteRunnerWorker.java:52)
	at org.testng.SuiteRunnerWorker.run(SuiteRunnerWorker.java:86)
	at org.testng.TestNG.runSuitesSequentially(TestNG.java:1224)
	at org.testng.TestNG.runSuitesLocally(TestNG.java:1149)
	at org.testng.TestNG.run(TestNG.java:1057)
	at org.testng.remote.RemoteTestNG.run(RemoteTestNG.java:111)
	at org.testng.remote.RemoteTestNG.initAndRun(RemoteTestNG.java:204)
	at org.testng.remote.RemoteTestNG.main(RemoteTestNG.java:175)
]]>
    </failure>
  </testcase> <!-- @BeforeSuite setupConfig -->
  <testcase name="@BeforeClass loadConfig" time="0.0" classname="com.etouch.amazon.common.iOSDeviceTest">
    <skipped/>
  </testcase> <!-- @BeforeClass loadConfig -->
  <testcase name="@BeforeMethod printTimeStart" time="0.0" classname="com.etouch.amazon.common.iOSDeviceTest">
    <skipped/>
  </testcase> <!-- @BeforeMethod printTimeStart -->
  <testcase name="@AfterMethod printTimeTaken" time="0.0" classname="com.etouch.amazon.common.iOSDeviceTest">
    <skipped/>
  </testcase> <!-- @AfterMethod printTimeTaken -->
  <testcase name="@AfterClass tearDown" time="0.0" classname="com.etouch.amazon.common.iOSDeviceTest">
    <failure type="java.lang.NullPointerException">
      <![CDATA[java.lang.NullPointerException
	at com.etouch.amazon.common.BaseTest.tearDown(BaseTest.java:180)
	at sun.reflect.NativeMethodAccessorImpl.invoke0(Native Method)
	at sun.reflect.NativeMethodAccessorImpl.invoke(NativeMethodAccessorImpl.java:39)
	at sun.reflect.DelegatingMethodAccessorImpl.invoke(DelegatingMethodAccessorImpl.java:25)
	at java.lang.reflect.Method.invoke(Method.java:597)
	at org.testng.internal.MethodInvocationHelper.invokeMethod(MethodInvocationHelper.java:84)
	at org.testng.internal.Invoker.invokeConfigurationMethod(Invoker.java:564)
	at org.testng.internal.Invoker.invokeConfigurations(Invoker.java:213)
	at org.testng.internal.Invoker.invokeConfigurations(Invoker.java:138)
	at org.testng.internal.TestMethodWorker.invokeAfterClassMethods(TestMethodWorker.java:225)
	at org.testng.internal.TestMethodWorker.run(TestMethodWorker.java:114)
	at org.testng.TestRunner.privateRun(TestRunner.java:767)
	at org.testng.TestRunner.run(TestRunner.java:617)
	at org.testng.SuiteRunner.runTest(SuiteRunner.java:334)
	at org.testng.SuiteRunner.runSequentially(SuiteRunner.java:329)
	at org.testng.SuiteRunner.privateRun(SuiteRunner.java:291)
	at org.testng.SuiteRunner.run(SuiteRunner.java:240)
	at org.testng.SuiteRunnerWorker.runSuite(SuiteRunnerWorker.java:52)
	at org.testng.SuiteRunnerWorker.run(SuiteRunnerWorker.java:86)
	at org.testng.TestNG.runSuitesSequentially(TestNG.java:1224)
	at org.testng.TestNG.runSuitesLocally(TestNG.java:1149)
	at org.testng.TestNG.run(TestNG.java:1057)
	at org.testng.remote.RemoteTestNG.run(RemoteTestNG.java:111)
	at org.testng.remote.RemoteTestNG.initAndRun(RemoteTestNG.java:204)
	at org.testng.remote.RemoteTestNG.main(RemoteTestNG.java:175)
]]>
    </failure>
  </testcase> <!-- @AfterClass tearDown -->
  <testcase name="@BeforeClass loadConfig" time="0.0" classname="com.etouch.amazon.pages.test.TestAmazonMainPage">
    <skipped/>
  </testcase> <!-- @BeforeClass loadConfig -->
  <testcase name="@BeforeClass prepareBeforeClass" time="0.0" classname="com.etouch.amazon.pages.test.TestAmazonMainPage">
    <skipped/>
  </testcase> <!-- @BeforeClass prepareBeforeClass -->
  <testcase name="@BeforeMethod printTimeStart" time="0.0" classname="com.etouch.amazon.pages.test.TestAmazonMainPage">
    <skipped/>
  </testcase> <!-- @BeforeMethod printTimeStart -->
  <testcase name="@AfterMethod printTimeTaken" time="0.0" classname="com.etouch.amazon.pages.test.TestAmazonMainPage">
    <skipped/>
  </testcase> <!-- @AfterMethod printTimeTaken -->
  <testcase name="@BeforeMethod printTimeStart" time="0.0" classname="com.etouch.amazon.pages.test.TestAmazonMainPage">
    <skipped/>
  </testcase> <!-- @BeforeMethod printTimeStart -->
  <testcase name="@AfterMethod printTimeTaken" time="0.0" classname="com.etouch.amazon.pages.test.TestAmazonMainPage">
    <skipped/>
  </testcase> <!-- @AfterMethod printTimeTaken -->
  <testcase name="@AfterClass tearDown" time="0.0" classname="com.etouch.amazon.pages.test.TestAmazonMainPage">
    <failure type="java.lang.NullPointerException">
      <![CDATA[java.lang.NullPointerException
	at com.etouch.amazon.pages.test.TestAmazonMainPage.tearDown(TestAmazonMainPage.java:45)
	at sun.reflect.NativeMethodAccessorImpl.invoke0(Native Method)
	at sun.reflect.NativeMethodAccessorImpl.invoke(NativeMethodAccessorImpl.java:39)
	at sun.reflect.DelegatingMethodAccessorImpl.invoke(DelegatingMethodAccessorImpl.java:25)
	at java.lang.reflect.Method.invoke(Method.java:597)
	at org.testng.internal.MethodInvocationHelper.invokeMethod(MethodInvocationHelper.java:84)
	at org.testng.internal.Invoker.invokeConfigurationMethod(Invoker.java:564)
	at org.testng.internal.Invoker.invokeConfigurations(Invoker.java:213)
	at org.testng.internal.Invoker.invokeConfigurations(Invoker.java:138)
	at org.testng.internal.TestMethodWorker.invokeAfterClassMethods(TestMethodWorker.java:225)
	at org.testng.internal.TestMethodWorker.run(TestMethodWorker.java:114)
	at org.testng.TestRunner.privateRun(TestRunner.java:767)
	at org.testng.TestRunner.run(TestRunner.java:617)
	at org.testng.SuiteRunner.runTest(SuiteRunner.java:334)
	at org.testng.SuiteRunner.runSequentially(SuiteRunner.java:329)
	at org.testng.SuiteRunner.privateRun(SuiteRunner.java:291)
	at org.testng.SuiteRunner.run(SuiteRunner.java:240)
	at org.testng.SuiteRunnerWorker.runSuite(SuiteRunnerWorker.java:52)
	at org.testng.SuiteRunnerWorker.run(SuiteRunnerWorker.java:86)
	at org.testng.TestNG.runSuitesSequentially(TestNG.java:1224)
	at org.testng.TestNG.runSuitesLocally(TestNG.java:1149)
	at org.testng.TestNG.run(TestNG.java:1057)
	at org.testng.remote.RemoteTestNG.run(RemoteTestNG.java:111)
	at org.testng.remote.RemoteTestNG.initAndRun(RemoteTestNG.java:204)
	at org.testng.remote.RemoteTestNG.main(RemoteTestNG.java:175)
]]>
    </failure>
  </testcase> <!-- @AfterClass tearDown -->
  <testcase name="testGoogle" time="0.022" classname="com.etouch.amazon.common.iOSDeviceTest">
    <skipped/>
  </testcase> <!-- testGoogle -->
  <testcase name="testPreSignIn" time="0.0010" classname="com.etouch.amazon.pages.test.TestAmazonMainPage">
    <skipped/>
  </testcase> <!-- testPreSignIn -->
  <testcase name="testSignIn" time="0.0" classname="com.etouch.amazon.pages.test.TestAmazonMainPage">
    <skipped/>
  </testcase> <!-- testSignIn -->
</testsuite> <!-- Default test -->
