<?xml version="1.0" encoding="UTF-8"?>
<!-- Generated by org.testng.reporters.JUnitXMLReporter -->
<testsuite hostname="etouch.attlocal.net" name="Chrome Test" tests="1" failures="1" timestamp="25 Sep 2014 05:26:38 GMT" time="33.985" errors="0">
  <testcase name="testGoogle on null(com.etouch.amazon.common.iOSDeviceTest)" time="33.984" classname="com.etouch.amazon.common.iOSDeviceTest">
    <failure type="com.etouch.taf.core.exception.PageException" message="Failed to find object using given XPATH, message : com.etouch.taf.core.exception.PageException: Failed to find object, message : org.openqa.selenium.TimeoutException: Timed out after 20 seconds waiting for element to be clickable: By.xpath: //UIApplication[1]/UIAWindow[2]/UIAKeyboard[1]/UIAButton[4]
Build info: version: &amp;apos;2.35.0&amp;apos;, revision: &amp;apos;8df0c6bedf70ff9f22c647788f9fe9c8d22210e2&amp;apos;, time: &amp;apos;2013-08-17 12:46:41&amp;apos;
System info: os.name: &amp;apos;Mac OS X&amp;apos;, os.arch: &amp;apos;x86_64&amp;apos;, os.version: &amp;apos;10.8.5&amp;apos;, java.version: &amp;apos;1.6.0_65&amp;apos;
Driver info: driver.version: unknown">
      <![CDATA[com.etouch.taf.core.exception.PageException: Failed to find object using given XPATH, message : com.etouch.taf.core.exception.PageException: Failed to find object, message : org.openqa.selenium.TimeoutException: Timed out after 20 seconds waiting for element to be clickable: By.xpath: //UIApplication[1]/UIAWindow[2]/UIAKeyboard[1]/UIAButton[4]
Build info: version: '2.35.0', revision: '8df0c6bedf70ff9f22c647788f9fe9c8d22210e2', time: '2013-08-17 12:46:41'
System info: os.name: 'Mac OS X', os.arch: 'x86_64', os.version: '10.8.5', java.version: '1.6.0_65'
Driver info: driver.version: unknown
	at com.etouch.taf.webui.selenium.WebPage.findObject(WebPage.java:450)
	at com.etouch.amazon.common.iOSDeviceTest.testGoogle(iOSDeviceTest.java:47)
	at com.etouch.taf.core.TestBedManager.executeTestNG(TestBedManager.java:112)
	at com.etouch.amazon.common.BaseTest.exceuteTestNGFile(BaseTest.java:137)
	at com.etouch.amazon.common.BaseTest.main(BaseTest.java:100)
... Removed 21 stack frames]]>
    </failure>
  </testcase> <!-- testGoogle on null(com.etouch.amazon.common.iOSDeviceTest) -->
</testsuite> <!-- Chrome Test -->
